This is pdfTeX, Version 3.14159265-2.6-1.40.21 (MiKTeX 20.10) (preloaded format=pdflatex 2020.10.17)  7 JAN 2023 19:43
entering extended mode
**./Practica2Reporte.tex
(Practica2Reporte.tex
LaTeX2e <2020-10-01> patch level 1
L3 programming layer <2020-10-05> xparse <2020-03-03>
(C:\Users\USUARIO\AppData\Local\Programs\MiKTeX\tex/latex/base\article.cls
Document Class: article 2020/04/10 v1.4m Standard LaTeX document class
(C:\Users\USUARIO\AppData\Local\Programs\MiKTeX\tex/latex/base\size10.clo
File: size10.clo 2020/04/10 v1.4m Standard LaTeX file (size option)
)
\c@part=\count175
\c@section=\count176
\c@subsection=\count177
\c@subsubsection=\count178
\c@paragraph=\count179
\c@subparagraph=\count180
\c@figure=\count181
\c@table=\count182
\abovecaptionskip=\skip47
\belowcaptionskip=\skip48
\bibindent=\dimen138
)
(C:\Users\USUARIO\AppData\Local\Programs\MiKTeX\tex/latex/base\inputenc.sty
Package: inputenc 2020/08/01 v1.3d Input encoding file
\inpenc@prehook=\toks15
\inpenc@posthook=\toks16
)
(C:\Users\USUARIO\AppData\Local\Programs\MiKTeX\tex/latex/geometry\geometry.sty
Package: geometry 2020/01/02 v5.9 Page Geometry
(C:\Users\USUARIO\AppData\Local\Programs\MiKTeX\tex/latex/graphics\keyval.sty
Package: keyval 2014/10/28 v1.15 key=value parser (DPC)
\KV@toks@=\toks17
)
(C:\Users\USUARIO\AppData\Local\Programs\MiKTeX\tex/generic/iftex\ifvtex.sty
Package: ifvtex 2019/10/25 v1.7 ifvtex legacy package. Use iftex instead.

(C:\Users\USUARIO\AppData\Local\Programs\MiKTeX\tex/generic/iftex\iftex.sty
Package: iftex 2020/03/06 v1.0d TeX engine tests
))
\Gm@cnth=\count183
\Gm@cntv=\count184
\c@Gm@tempcnt=\count185
\Gm@bindingoffset=\dimen139
\Gm@wd@mp=\dimen140
\Gm@odd@mp=\dimen141
\Gm@even@mp=\dimen142
\Gm@layoutwidth=\dimen143
\Gm@layoutheight=\dimen144
\Gm@layouthoffset=\dimen145
\Gm@layoutvoffset=\dimen146
\Gm@dimlist=\toks18

(C:\Users\USUARIO\AppData\Local\Programs\MiKTeX\tex/latex/geometry\geometry.cfg
)) (C:\Users\USUARIO\AppData\Local\Programs\MiKTeX\tex/latex/xcolor\xcolor.sty
Package: xcolor 2016/05/11 v2.12 LaTeX color extensions (UK)

(C:\Users\USUARIO\AppData\Local\Programs\MiKTeX\tex/latex/graphics-cfg\color.cf
g
File: color.cfg 2016/01/02 v1.6 sample color configuration
)
Package xcolor Info: Driver file: pdftex.def on input line 225.

(C:\Users\USUARIO\AppData\Local\Programs\MiKTeX\tex/latex/graphics-def\pdftex.d
ef
File: pdftex.def 2020/10/05 v1.2a Graphics/color driver for pdftex
)
Package xcolor Info: Model `cmy' substituted by `cmy0' on input line 1348.
Package xcolor Info: Model `hsb' substituted by `rgb' on input line 1352.
Package xcolor Info: Model `RGB' extended on input line 1364.
Package xcolor Info: Model `HTML' substituted by `rgb' on input line 1366.
Package xcolor Info: Model `Hsb' substituted by `hsb' on input line 1367.
Package xcolor Info: Model `tHsb' substituted by `hsb' on input line 1368.
Package xcolor Info: Model `HSB' substituted by `hsb' on input line 1369.
Package xcolor Info: Model `Gray' substituted by `gray' on input line 1370.
Package xcolor Info: Model `wave' substituted by `hsb' on input line 1371.

(C:\Users\USUARIO\AppData\Local\Programs\MiKTeX\tex/latex/graphics\dvipsnam.def
File: dvipsnam.def 2016/06/17 v3.0m Driver-dependent file (DPC,SPQR)
))
(C:\Users\USUARIO\AppData\Local\Programs\MiKTeX\tex/latex/mathtools\mathtools.s
ty
Package: mathtools 2022/06/29 v1.29 mathematical typesetting tools
 (C:\Users\USUARIO\AppData\Local\Programs\MiKTeX\tex/latex/tools\calc.sty
Package: calc 2017/05/25 v4.3 Infix arithmetic (KKT,FJ)
\calc@Acount=\count186
\calc@Bcount=\count187
\calc@Adimen=\dimen147
\calc@Bdimen=\dimen148
\calc@Askip=\skip49
\calc@Bskip=\skip50
LaTeX Info: Redefining \setlength on input line 80.
LaTeX Info: Redefining \addtolength on input line 81.
\calc@Ccount=\count188
\calc@Cskip=\skip51
)
(C:\Users\USUARIO\AppData\Local\Programs\MiKTeX\tex/latex/mathtools\mhsetup.sty
Package: mhsetup 2021/03/18 v1.4 programming setup (MH)
) (C:\Users\USUARIO\AppData\Local\Programs\MiKTeX\tex/latex/amsmath\amsmath.sty
Package: amsmath 2020/09/23 v2.17i AMS math features
\@mathmargin=\skip52
For additional information on amsmath, use the `?' option.
(C:\Users\USUARIO\AppData\Local\Programs\MiKTeX\tex/latex/amsmath\amstext.sty
Package: amstext 2000/06/29 v2.01 AMS text

(C:\Users\USUARIO\AppData\Local\Programs\MiKTeX\tex/latex/amsmath\amsgen.sty
File: amsgen.sty 1999/11/30 v2.0 generic functions
\@emptytoks=\toks19
\ex@=\dimen149
))
(C:\Users\USUARIO\AppData\Local\Programs\MiKTeX\tex/latex/amsmath\amsbsy.sty
Package: amsbsy 1999/11/29 v1.2d Bold Symbols
\pmbraise@=\dimen150
)
(C:\Users\USUARIO\AppData\Local\Programs\MiKTeX\tex/latex/amsmath\amsopn.sty
Package: amsopn 2016/03/08 v2.02 operator names
)
\inf@bad=\count189
LaTeX Info: Redefining \frac on input line 234.
\uproot@=\count190
\leftroot@=\count191
LaTeX Info: Redefining \overline on input line 399.
\classnum@=\count192
\DOTSCASE@=\count193
LaTeX Info: Redefining \ldots on input line 496.
LaTeX Info: Redefining \dots on input line 499.
LaTeX Info: Redefining \cdots on input line 620.
\Mathstrutbox@=\box47
\strutbox@=\box48
\big@size=\dimen151
LaTeX Font Info:    Redeclaring font encoding OML on input line 743.
LaTeX Font Info:    Redeclaring font encoding OMS on input line 744.
\macc@depth=\count194
\c@MaxMatrixCols=\count195
\dotsspace@=\muskip16
\c@parentequation=\count196
\dspbrk@lvl=\count197
\tag@help=\toks20
\row@=\count198
\column@=\count199
\maxfields@=\count266
\andhelp@=\toks21
\eqnshift@=\dimen152
\alignsep@=\dimen153
\tagshift@=\dimen154
\tagwidth@=\dimen155
\totwidth@=\dimen156
\lineht@=\dimen157
\@envbody=\toks22
\multlinegap=\skip53
\multlinetaggap=\skip54
\mathdisplay@stack=\toks23
LaTeX Info: Redefining \[ on input line 2923.
LaTeX Info: Redefining \] on input line 2924.
)
\g_MT_multlinerow_int=\count267
\l_MT_multwidth_dim=\dimen158
\origjot=\skip55
\l_MT_shortvdotswithinadjustabove_dim=\dimen159
\l_MT_shortvdotswithinadjustbelow_dim=\dimen160
\l_MT_above_intertext_sep=\dimen161
\l_MT_below_intertext_sep=\dimen162
\l_MT_above_shortintertext_sep=\dimen163
\l_MT_below_shortintertext_sep=\dimen164
\xmathstrut@box=\box49
\xmathstrut@dim=\dimen165
)
(C:\Users\USUARIO\AppData\Local\Programs\MiKTeX\tex/latex/booktabs\booktabs.sty
Package: booktabs 2020/01/12 v1.61803398 Publication quality tables
\heavyrulewidth=\dimen166
\lightrulewidth=\dimen167
\cmidrulewidth=\dimen168
\belowrulesep=\dimen169
\belowbottomsep=\dimen170
\aboverulesep=\dimen171
\abovetopsep=\dimen172
\cmidrulesep=\dimen173
\cmidrulekern=\dimen174
\defaultaddspace=\dimen175
\@cmidla=\count268
\@cmidlb=\count269
\@aboverulesep=\dimen176
\@belowrulesep=\dimen177
\@thisruleclass=\count270
\@lastruleclass=\count271
\@thisrulewidth=\dimen178
) (C:\Users\USUARIO\AppData\Local\Programs\MiKTeX\tex/latex/base\latexsym.sty
Package: latexsym 1998/08/17 v2.2e Standard LaTeX package (lasy symbols)
\symlasy=\mathgroup4
LaTeX Font Info:    Overwriting symbol font `lasy' in version `bold'
(Font)                  U/lasy/m/n --> U/lasy/b/n on input line 52.
)
(C:\Users\USUARIO\AppData\Local\Programs\MiKTeX\tex/latex/graphics\graphicx.sty
Package: graphicx 2020/09/09 v1.2b Enhanced LaTeX Graphics (DPC,SPQR)

(C:\Users\USUARIO\AppData\Local\Programs\MiKTeX\tex/latex/graphics\graphics.sty
Package: graphics 2020/08/30 v1.4c Standard LaTeX Graphics (DPC,SPQR)
(C:\Users\USUARIO\AppData\Local\Programs\MiKTeX\tex/latex/graphics\trig.sty
Package: trig 2016/01/03 v1.10 sin cos tan (DPC)
)
(C:\Users\USUARIO\AppData\Local\Programs\MiKTeX\tex/latex/graphics-cfg\graphics
.cfg
File: graphics.cfg 2016/06/04 v1.11 sample graphics configuration
)
Package graphics Info: Driver file: pdftex.def on input line 105.
)
\Gin@req@height=\dimen179
\Gin@req@width=\dimen180
)
(C:\Users\USUARIO\AppData\Local\Programs\MiKTeX\tex/latex/ncctools\nccmath.sty
Package: nccmath 2006/01/20 v1.3 Additional Math Commands (NCC)
\NCC@fracrulewidth=\dimen181
) (C:\Users\USUARIO\AppData\Local\Programs\MiKTeX\tex/latex/tools\multicol.sty
Package: multicol 2019/12/09 v1.8y multicolumn formatting (FMi)
\c@tracingmulticols=\count272
\mult@box=\box50
\multicol@leftmargin=\dimen182
\c@unbalance=\count273
\c@collectmore=\count274
\doublecol@number=\count275
\multicoltolerance=\count276
\multicolpretolerance=\count277
\full@width=\dimen183
\page@free=\dimen184
\premulticols=\dimen185
\postmulticols=\dimen186
\multicolsep=\skip56
\multicolbaselineskip=\skip57
\partial@page=\box51
\last@line=\box52
\maxbalancingoverflow=\dimen187
\mult@rightbox=\box53
\mult@grightbox=\box54
\mult@gfirstbox=\box55
\mult@firstbox=\box56
\@tempa=\box57
\@tempa=\box58
\@tempa=\box59
\@tempa=\box60
\@tempa=\box61
\@tempa=\box62
\@tempa=\box63
\@tempa=\box64
\@tempa=\box65
\@tempa=\box66
\@tempa=\box67
\@tempa=\box68
\@tempa=\box69
\@tempa=\box70
\@tempa=\box71
\@tempa=\box72
\@tempa=\box73
\@tempa=\box74
\@tempa=\box75
\@tempa=\box76
\@tempa=\box77
\@tempa=\box78
\@tempa=\box79
\@tempa=\box80
\@tempa=\box81
\@tempa=\box82
\@tempa=\box83
\@tempa=\box84
\@tempa=\box85
\@tempa=\box86
\@tempa=\box87
\@tempa=\box88
\@tempa=\box89
\@tempa=\box90
\@tempa=\box91
\@tempa=\box92
\@tempa=\box93
\c@minrows=\count278
\c@columnbadness=\count279
\c@finalcolumnbadness=\count280
\last@try=\dimen188
\multicolovershoot=\dimen189
\multicolundershoot=\dimen190
\mult@nat@firstbox=\box94
\colbreak@box=\box95
\mc@col@check@num=\count281
)
(C:\Users\USUARIO\AppData\Local\Programs\MiKTeX\tex/latex/listings\listings.sty
\lst@mode=\count282
\lst@gtempboxa=\box96
\lst@token=\toks24
\lst@length=\count283
\lst@currlwidth=\dimen191
\lst@column=\count284
\lst@pos=\count285
\lst@lostspace=\dimen192
\lst@width=\dimen193
\lst@newlines=\count286
\lst@lineno=\count287
\lst@maxwidth=\dimen194
(C:\Users\USUARIO\AppData\Local\Programs\MiKTeX\tex/latex/listings\lstmisc.sty
File: lstmisc.sty 2020/03/24 1.8d (Carsten Heinz)
\c@lstnumber=\count288
\lst@skipnumbers=\count289
\lst@framebox=\box97
)
(C:\Users\USUARIO\AppData\Local\Programs\MiKTeX\tex/latex/listings\listings.cfg
File: listings.cfg 2020/03/24 1.8d listings configuration
))
Package: listings 2020/03/24 1.8d (Carsten Heinz)
 (C:\Users\USUARIO\AppData\Local\Programs\MiKTeX\tex/latex/tasks\tasks.sty
(C:\Users\USUARIO\AppData\Local\Programs\MiKTeX\tex/latex/l3kernel\expl3.sty
Package: expl3 2020-10-05 L3 programming layer (loader) 

(C:\Users\USUARIO\AppData\Local\Programs\MiKTeX\tex/latex/l3backend\l3backend-p
dftex.def
File: l3backend-pdftex.def 2020-09-24 L3 backend support: PDF output (pdfTeX)
\l__kernel_color_stack_int=\count290
\l__pdf_internal_box=\box98
))
(C:\Users\USUARIO\AppData\Local\Programs\MiKTeX\tex/latex/l3packages/xparse\xpa
rse.sty
Package: xparse 2020-10-05 L3 Experimental document command parser

(C:\Users\USUARIO\AppData\Local\Programs\MiKTeX\tex/latex/l3packages/xparse\xpa
rse-generic.tex))
(C:\Users\USUARIO\AppData\Local\Programs\MiKTeX\tex/latex/l3packages/xtemplate\
xtemplate.sty
Package: xtemplate 2020-10-05 L3 Experimental prototype document functions
\l__xtemplate_tmp_dim=\dimen195
\l__xtemplate_tmp_int=\count291
\l__xtemplate_tmp_muskip=\muskip17
\l__xtemplate_tmp_skip=\skip58
)
Package: tasks 2022/01/08 v1.4a lists with columns filled horizontally
\g__tasks_total_items_int=\count292
\l__tasks_columns_int=\count293
\g__tasks_rows_int=\count294
\g__tasks_current_col_num_int=\count295
\g__tasks_current_row_num_int=\count296
\l__tasks_item_columns_int=\count297
\g__tasks_env_int=\count298
\l__tasks_start_int=\count299
\l__tasks_item_indent_dim=\dimen196
\l__tasks_item_default_indent_dim=\dimen197
\l__tasks_item_width_dim=\dimen198
\l__tasks_label_width_dim=\dimen199
\l__tasks_label_default_width_dim=\dimen256
\l__tasks_label_offset_dim=\dimen257
\l__tasks_label_default_offset_dim=\dimen258
\l__tasks_column_sep_dim=\dimen259
\l__tasks_correction_dim=\dimen260
\l__tasks_full_width_dim=\dimen261
\l__tasks_after_item_skip=\skip59
\l__tasks_custom_after_item_skip=\skip60
\l__tasks_before_list_skip=\skip61
\l__tasks_after_list_skip=\skip62
\l__tasks_item_coffin=\box99
\l__tasks_label_coffin=\box100
\c@task=\count300
\l__tasks_tmpa_int=\count301
\l__tasks_tmpb_int=\count302
\l__tasks_tmpa_coffin=\box101
\l__tasks_tmpa_box=\box102

Package xtemplate Info: Declaring object type 'tasks' taking 3 argument(s) on
(xtemplate)             line 450.


(C:\Users\USUARIO\AppData\Local\Programs\MiKTeX\tex/latex/tasks\tasks.cfg))
(C:\Users\USUARIO\AppData\Local\Programs\MiKTeX\tex/latex/float\float.sty
Package: float 2001/11/08 v1.3d Float enhancements (AL)
\c@float@type=\count303
\float@exts=\toks25
\float@box=\box103
\@float@everytoks=\toks26
\@floatcapt=\box104
)
(C:\Users\USUARIO\AppData\Local\Programs\MiKTeX\tex/latex/lipsum\lipsum.sty
(C:\Users\USUARIO\AppData\Local\Programs\MiKTeX\tex/latex/l3packages/l3keys2e\l
3keys2e.sty
Package: l3keys2e 2020-10-05 LaTeX2e option processing using LaTeX3 keys
)
Package: lipsum 2021-09-20 v2.7 150 paragraphs of Lorem Ipsum dummy text
\g__lipsum_par_int=\count304
\l__lipsum_a_int=\count305
\l__lipsum_b_int=\count306

(C:\Users\USUARIO\AppData\Local\Programs\MiKTeX\tex/latex/lipsum\lipsum.ltd.tex
)) (C:\Users\USUARIO\AppData\Local\Programs\MiKTeX\tex/latex/cite\cite.sty
LaTeX Info: Redefining \cite on input line 302.
LaTeX Info: Redefining \nocite on input line 332.
Package: cite 2015/02/27  v 5.5
)
(Practica2Reporte.aux)
\openout1 = `Practica2Reporte.aux'.

LaTeX Font Info:    Checking defaults for OML/cmm/m/it on input line 23.
LaTeX Font Info:    ... okay on input line 23.
LaTeX Font Info:    Checking defaults for OMS/cmsy/m/n on input line 23.
LaTeX Font Info:    ... okay on input line 23.
LaTeX Font Info:    Checking defaults for OT1/cmr/m/n on input line 23.
LaTeX Font Info:    ... okay on input line 23.
LaTeX Font Info:    Checking defaults for T1/cmr/m/n on input line 23.
LaTeX Font Info:    ... okay on input line 23.
LaTeX Font Info:    Checking defaults for TS1/cmr/m/n on input line 23.
LaTeX Font Info:    ... okay on input line 23.
LaTeX Font Info:    Checking defaults for OMX/cmex/m/n on input line 23.
LaTeX Font Info:    ... okay on input line 23.
LaTeX Font Info:    Checking defaults for U/cmr/m/n on input line 23.
LaTeX Font Info:    ... okay on input line 23.

*geometry* driver: auto-detecting
*geometry* detected driver: pdftex
*geometry* verbose mode - [ preamble ] result:
* driver: pdftex
* paper: a4paper
* layout: <same size as paper>
* layoutoffset:(h,v)=(0.0pt,0.0pt)
* modes: 
* h-part:(L,W,R)=(56.9055pt, 483.69687pt, 56.9055pt)
* v-part:(T,H,B)=(56.9055pt, 731.23584pt, 56.9055pt)
* \paperwidth=597.50787pt
* \paperheight=845.04684pt
* \textwidth=483.69687pt
* \textheight=731.23584pt
* \oddsidemargin=-15.36449pt
* \evensidemargin=-15.36449pt
* \topmargin=-52.36449pt
* \headheight=12.0pt
* \headsep=25.0pt
* \topskip=10.0pt
* \footskip=30.0pt
* \marginparwidth=57.0pt
* \marginparsep=11.0pt
* \columnsep=10.0pt
* \skip\footins=9.0pt plus 4.0pt minus 2.0pt
* \hoffset=0.0pt
* \voffset=0.0pt
* \mag=1000
* \@twocolumnfalse
* \@twosidefalse
* \@mparswitchfalse
* \@reversemarginfalse
* (1in=72.27pt=25.4mm, 1cm=28.453pt)


(C:\Users\USUARIO\AppData\Local\Programs\MiKTeX\tex/context/base/mkii\supp-pdf.
mkii
[Loading MPS to PDF converter (version 2006.09.02).]
\scratchcounter=\count307
\scratchdimen=\dimen262
\scratchbox=\box105
\nofMPsegments=\count308
\nofMParguments=\count309
\everyMPshowfont=\toks27
\MPscratchCnt=\count310
\MPscratchDim=\dimen263
\MPnumerator=\count311
\makeMPintoPDFobject=\count312
\everyMPtoPDFconversion=\toks28
)
(C:\Users\USUARIO\AppData\Local\Programs\MiKTeX\tex/latex/epstopdf-pkg\epstopdf
-base.sty
Package: epstopdf-base 2020-01-24 v2.11 Base part for package epstopdf
Package epstopdf-base Info: Redefining graphics rule for `.eps' on input line 4
85.
)
\c@lstlisting=\count313
 [1

{C:/Users/USUARIO/AppData/Local/MiKTeX/pdftex/config/pdftex.map}]
(C:\Users\USUARIO\AppData\Local\Programs\MiKTeX\tex/latex/listings\lstlang1.sty
File: lstlang1.sty 2020/03/24 1.8d listings language file
)

Package tasks Warning: You've tried setting option `counter-format' on line
(tasks)                66. However, option `counter-format' is deprecated.
(tasks)                Please use option `label' instead. Refer to the manual
(tasks)                for details.

(Practica2Reporte.toc
LaTeX Font Info:    Trying to load font information for U+lasy on input line 3.


(C:\Users\USUARIO\AppData\Local\Programs\MiKTeX\tex/latex/base\ulasy.fd
File: ulasy.fd 1998/08/17 v2.2e LaTeX symbol font definitions
))
\tf@toc=\write3
\openout3 = `Practica2Reporte.toc'.


[1]
Underfull \hbox (badness 10000) in paragraph at lines 98--119

 []


Underfull \hbox (badness 10000) in paragraph at lines 98--119

 []

[1]
Underfull \hbox (badness 10000) in paragraph at lines 144--149

 []


Underfull \hbox (badness 10000) in paragraph at lines 144--149

 []


Underfull \hbox (badness 10000) in paragraph at lines 185--206

 []

[2]
LaTeX Font Info:    Trying to load font information for OMS+cmss on input line 
219.
LaTeX Font Info:    No file OMScmss.fd. on input line 219.


LaTeX Font Warning: Font shape `OMS/cmss/m/n' undefined
(Font)              using `OMS/cmsy/m/n' instead
(Font)              for symbol `textbraceleft' on input line 219.


Underfull \hbox (badness 10000) in paragraph at lines 267--279

 []


Underfull \hbox (badness 10000) in paragraph at lines 267--279

 []

[3]
LaTeX Font Info:    Trying to load font information for OML+cmss on input line 
333.
LaTeX Font Info:    No file OMLcmss.fd. on input line 333.


LaTeX Font Warning: Font shape `OML/cmss/m/n' undefined
(Font)              using `OML/cmm/m/it' instead
(Font)              for symbol `textgreater' on input line 333.

[4] [5]
Overfull \hbox (21.3548pt too wide) in paragraph at lines 439--440
[][][][][][][][][][][][][][][][][][][][][][][][][][] 
 []

LaTeX Font Info:    Trying to load font information for TS1+cmss on input line 
441.
(C:\Users\USUARIO\AppData\Local\Programs\MiKTeX\tex/latex/base\ts1cmss.fd
File: ts1cmss.fd 2019/12/16 v2.5j Standard LaTeX font definitions
)
Overfull \hbox (49.10489pt too wide) in paragraph at lines 451--452
[][][][][][][][][][][][][][][][][][][][][][][][][][][][][][][][][][][][][][][][
][][][][][][][][][][][] 
 []


Overfull \hbox (54.6549pt too wide) in paragraph at lines 454--455
[][][][][][][][][][][][][][][][][][][][][][][][][][][][][][][][][][][][][][][][
][][][][][][][][][][][][][][][][][][][][][][][][][][][][][][][][][][][][][][][]
[][][][][][][][][][][][][][][][][][][][][][][][][][][][][][][][][][][][][][][][
][][][][][] 
 []


Overfull \hbox (21.3548pt too wide) in paragraph at lines 458--460
[][][][][][][][][][][][][][][][][][][][][][][][][][][][][][][][][][][][][][][][
][][][][][][][][][][][][][][][][][][][][][][][][][][][][][][][][][][][][][][][]
[][] 
 []

[6]
Overfull \hbox (26.90482pt too wide) in paragraph at lines 473--475
[][][][][][][][][][][][][][][][][][][][][][][][][][][][][][][][][][][][][][][][
][][][][][][][][][][][][][][][][][][][][][][][][][][][][][][][][][][][][][][][]
[][][][][][][][][][] 
 []


Overfull \hbox (15.80478pt too wide) in paragraph at lines 475--476
[][][][][][][][][][][][][][][][][][][][][][][][][][][][][][][][][][][][][][][][
][][][][][][][][][][][][][][][][][][][][][][][][][][][][][][][][][][][][][][][]
[][][][][][][][][][][][][][][][][][][] 
 []


Overfull \hbox (4.70474pt too wide) in paragraph at lines 480--481
[][][][][][][][][][][][][][][][][][][][][][][][][][][][][][][][][][][][][][][][
][][][][][][][][][][][][][][][][][][][][][][][][][][][][][][][][][][][][][][][]
[][][][][][][][][][][][][][][][][][][][][][][][][][][][][] 
 []


Overfull \hbox (49.10489pt too wide) in paragraph at lines 503--504
[][][][][][][][][][][][][][][][][][][][][][][][][][][][][][][][][][][][][][][][
][][][][][] 
 []


Overfull \hbox (32.45483pt too wide) in paragraph at lines 511--512
[][][][][][][][][][][][][][][][][][][][][][][][][] 
 []


Overfull \hbox (537.5065pt too wide) in paragraph at lines 521--522
[][][][][][][][][][][][][][][][][][][][][][][][][][][][][][][][][][][][][][][][
][][][][][][][][][][][][][][][][][][][][][][][][][][][][][][][][][][][][][][][]
[][][][][][][][][][][][][][][][][][][][][][][][][][][][][][][][][][][][][][][][
][][][][][][][][][][][][][][][][][][][] 
 []

[7]
Overfull \hbox (15.80478pt too wide) in paragraph at lines 546--547
[][][][][][][][][][][][][][][][][][][][][][][][][][][][][][][][][][][][][][][][
][][][][][][][][][][][][][][][][][][][][][][][][][][][][][][][][][][][][][][][]
[][][][][][][][][][][][][][][][][][][] 
 []


Overfull \hbox (49.10489pt too wide) in paragraph at lines 566--567
[][][][][][][][][][][][][][][][][][][][][][][][][][][][][][][][][][][][][][][][
][][][][][] 
 []

<Imagenes/c1.jpg, id=42, 963.6pt x 374.90062pt>
File: Imagenes/c1.jpg Graphic file (type jpg)
<use Imagenes/c1.jpg>
Package pdftex.def Info: Imagenes/c1.jpg  used on input line 579.
(pdftex.def)             Requested size: 520.33626pt x 202.44331pt.

Overfull \hbox (36.63939pt too wide) in paragraph at lines 579--581
 [][] 
 []

<Imagenes/mostrarUno.jpg, id=43, 963.6pt x 322.20375pt>
File: Imagenes/mostrarUno.jpg Graphic file (type jpg)
<use Imagenes/mostrarUno.jpg>
Package pdftex.def Info: Imagenes/mostrarUno.jpg  used on input line 585.
(pdftex.def)             Requested size: 520.33626pt x 173.98743pt.

Overfull \hbox (36.63939pt too wide) in paragraph at lines 585--587
 [][] 
 []

[8 <./Imagenes/c1.jpg>]
<Imagenes/crear.jpg, id=47, 963.6pt x 380.17032pt>
File: Imagenes/crear.jpg Graphic file (type jpg)
<use Imagenes/crear.jpg>
Package pdftex.def Info: Imagenes/crear.jpg  used on input line 591.
(pdftex.def)             Requested size: 520.33626pt x 205.28891pt.

Overfull \hbox (36.63939pt too wide) in paragraph at lines 591--593
 [][] 
 []

<Imagenes/validacionAgregar.jpg, id=48, 963.6pt x 335.00156pt>
File: Imagenes/validacionAgregar.jpg Graphic file (type jpg)
<use Imagenes/validacionAgregar.jpg>
Package pdftex.def Info: Imagenes/validacionAgregar.jpg  used on input line 597
.
(pdftex.def)             Requested size: 520.33626pt x 180.89813pt.

Overfull \hbox (36.63939pt too wide) in paragraph at lines 597--599
 [][] 
 []

[9 <./Imagenes/mostrarUno.jpg> <./Imagenes/crear.jpg>]
<Imagenes/validacionAgregarMostrar.jpg, id=52, 963.6pt x 392.21532pt>
File: Imagenes/validacionAgregarMostrar.jpg Graphic file (type jpg)
<use Imagenes/validacionAgregarMostrar.jpg>
Package pdftex.def Info: Imagenes/validacionAgregarMostrar.jpg  used on input l
ine 603.
(pdftex.def)             Requested size: 520.33626pt x 211.7931pt.

Overfull \hbox (36.63939pt too wide) in paragraph at lines 603--605
 [][] 
 []

<Imagenes/MostrarNuevo.jpg, id=53, 963.6pt x 222.8325pt>
File: Imagenes/MostrarNuevo.jpg Graphic file (type jpg)
<use Imagenes/MostrarNuevo.jpg>
Package pdftex.def Info: Imagenes/MostrarNuevo.jpg  used on input line 609.
(pdftex.def)             Requested size: 520.33626pt x 120.32776pt.

Overfull \hbox (36.63939pt too wide) in paragraph at lines 609--611
 [][] 
 []

<Imagenes/modificar.jpg, id=54, 963.6pt x 341.77687pt>
File: Imagenes/modificar.jpg Graphic file (type jpg)
<use Imagenes/modificar.jpg>
Package pdftex.def Info: Imagenes/modificar.jpg  used on input line 615.
(pdftex.def)             Requested size: 520.33626pt x 184.55675pt.

Overfull \hbox (36.63939pt too wide) in paragraph at lines 615--617
 [][] 
 []

[10 <./Imagenes/validacionAgregar.jpg> <./Imagenes/validacionAgregarMostrar.jpg
> <./Imagenes/MostrarNuevo.jpg>]
<Imagenes/modificarValidacion.jpg, id=58, 963.6pt x 371.88937pt>
File: Imagenes/modificarValidacion.jpg Graphic file (type jpg)
<use Imagenes/modificarValidacion.jpg>
Package pdftex.def Info: Imagenes/modificarValidacion.jpg  used on input line 6
22.
(pdftex.def)             Requested size: 520.33626pt x 200.81726pt.

Overfull \hbox (36.63939pt too wide) in paragraph at lines 622--624
 [][] 
 []

<Imagenes/mostrarModificado.jpg, id=59, 963.6pt x 325.96782pt>
File: Imagenes/mostrarModificado.jpg Graphic file (type jpg)
<use Imagenes/mostrarModificado.jpg>
Package pdftex.def Info: Imagenes/mostrarModificado.jpg  used on input line 628
.
(pdftex.def)             Requested size: 520.33626pt x 176.01999pt.

Overfull \hbox (36.63939pt too wide) in paragraph at lines 628--630
 [][] 
 []

[11 <./Imagenes/modificar.jpg> <./Imagenes/modificarValidacion.jpg>]
<Imagenes/mostrarEliminar.jpg, id=64, 963.6pt x 341.02406pt>
File: Imagenes/mostrarEliminar.jpg Graphic file (type jpg)
<use Imagenes/mostrarEliminar.jpg>
Package pdftex.def Info: Imagenes/mostrarEliminar.jpg  used on input line 634.
(pdftex.def)             Requested size: 520.33626pt x 184.15024pt.

Overfull \hbox (36.63939pt too wide) in paragraph at lines 634--636
 [][] 
 []

[12 <./Imagenes/mostrarModificado.jpg> <./Imagenes/mostrarEliminar.jpg>]
Overfull \hbox (176.56155pt too wide) in paragraph at lines 664--665
[]\OT1/cmr/m/n/10 The java EE 5 tu-to-rial (2007) What Is a Servlet? - The Java
 EE 5 Tu-to-rial. Avail-able at: https://docs.oracle.com/javaee/5/tutorial/doc/
bnafe.html
 []


Overfull \hbox (42.85976pt too wide) in paragraph at lines 665--666
[]\OT1/cmr/m/n/10 What is JDBC? (no date) IBM. Avail-able at: https://www.ibm.c
om/docs/en/informix-servers/12.10?topic=started-
 []

[13] (Practica2Reporte.aux)

LaTeX Font Warning: Some font shapes were not available, defaults substituted.

 )
(\end occurred inside a group at level 1)

### simple group (level 1) entered at line 661 ({)
### bottom level 
Here is how much of TeX's memory you used:
 6766 strings out of 480257
 108820 string characters out of 2880493
 802209 words of memory out of 3000000
 23196 multiletter control sequences out of 15000+200000
 540520 words of font info for 49 fonts, out of 3000000 for 9000
 1141 hyphenation exceptions out of 8191
 70i,8n,77p,634b,1621s stack positions out of 5000i,500n,10000p,200000b,50000s
 <C:\Users\USUARIO\AppData\Local\MiKTeX\fonts/pk/ljfour/jknappe
n/ec/dpi600\tcss0900.pk> <C:\Users\USUARIO\AppData\Local\MiKTeX\fonts/pk/ljfour
/jknappen/ec/dpi600\tcrm1000.pk><C:/Users/USUARIO/AppData/Local/Programs/MiKTeX
/fonts/type1/public/amsfonts/cm/cmbx10.pfb><C:/Users/USUARIO/AppData/Local/Prog
rams/MiKTeX/fonts/type1/public/amsfonts/cm/cmbx12.pfb><C:/Users/USUARIO/AppData
/Local/Programs/MiKTeX/fonts/type1/public/amsfonts/cm/cmmi9.pfb><C:/Users/USUAR
IO/AppData/Local/Programs/MiKTeX/fonts/type1/public/amsfonts/cm/cmr10.pfb><C:/U
sers/USUARIO/AppData/Local/Programs/MiKTeX/fonts/type1/public/amsfonts/cm/cmr12
.pfb><C:/Users/USUARIO/AppData/Local/Programs/MiKTeX/fonts/type1/public/amsfont
s/cm/cmr5.pfb><C:/Users/USUARIO/AppData/Local/Programs/MiKTeX/fonts/type1/publi
c/amsfonts/cm/cmss9.pfb><C:/Users/USUARIO/AppData/Local/Programs/MiKTeX/fonts/t
ype1/public/amsfonts/cm/cmssbx10.pfb><C:/Users/USUARIO/AppData/Local/Programs/M
iKTeX/fonts/type1/public/amsfonts/cm/cmsy9.pfb><C:/Users/USUARIO/AppData/Local/
Programs/MiKTeX/fonts/type1/public/amsfonts/cm/cmti12.pfb>
Output written on Practica2Reporte.pdf (15 pages, 796664 bytes).
PDF statistics:
 112 PDF objects out of 1000 (max. 8388607)
 0 named destinations out of 1000 (max. 500000)
 51 words of extra memory for PDF output out of 10000 (max. 10000000)

